<?xml version="1.0" encoding="UTF-8"?>
<testsuite name="com.mindex.challenge.service.impl.EmployeeServiceImplTest" tests="1" skipped="0" failures="0" errors="0" timestamp="2021-05-10T18:23:05" hostname="DESKTOP-PVP4QPG" time="0.033">
  <properties/>
  <testcase name="testCreateReadUpdate" classname="com.mindex.challenge.service.impl.EmployeeServiceImplTest" time="0.033"/>
  <system-out><![CDATA[2021-05-10 14:23:05.903  INFO 19444 --- [    Test worker] .b.t.c.SpringBootTestContextBootstrapper : Neither @ContextConfiguration nor @ContextHierarchy found for test class [com.mindex.challenge.service.impl.EmployeeServiceImplTest], using SpringBootContextLoader
2021-05-10 14:23:05.904  INFO 19444 --- [    Test worker] o.s.t.c.support.AbstractContextLoader    : Could not detect default resource locations for test class [com.mindex.challenge.service.impl.EmployeeServiceImplTest]: no resource found for suffixes {-context.xml, Context.groovy}.
2021-05-10 14:23:05.905  INFO 19444 --- [    Test worker] t.c.s.AnnotationConfigContextLoaderUtils : Could not detect default configuration classes for test class [com.mindex.challenge.service.impl.EmployeeServiceImplTest]: EmployeeServiceImplTest does not declare any static, non-private, non-final, nested classes annotated with @Configuration.
2021-05-10 14:23:05.906  INFO 19444 --- [    Test worker] .b.t.c.SpringBootTestContextBootstrapper : Found @SpringBootConfiguration com.mindex.challenge.ChallengeApplication for test class com.mindex.challenge.service.impl.EmployeeServiceImplTest
2021-05-10 14:23:05.908  INFO 19444 --- [    Test worker] .b.t.c.SpringBootTestContextBootstrapper : Loaded default TestExecutionListener class names from location [META-INF/spring.factories]: [org.springframework.boot.test.autoconfigure.restdocs.RestDocsTestExecutionListener, org.springframework.boot.test.autoconfigure.web.client.MockRestServiceServerResetTestExecutionListener, org.springframework.boot.test.autoconfigure.web.servlet.MockMvcPrintOnlyOnFailureTestExecutionListener, org.springframework.boot.test.autoconfigure.web.servlet.WebDriverTestExecutionListener, org.springframework.boot.test.mock.mockito.MockitoTestExecutionListener, org.springframework.boot.test.mock.mockito.ResetMocksTestExecutionListener, org.springframework.test.context.web.ServletTestExecutionListener, org.springframework.test.context.support.DirtiesContextBeforeModesTestExecutionListener, org.springframework.test.context.support.DependencyInjectionTestExecutionListener, org.springframework.test.context.support.DirtiesContextTestExecutionListener, org.springframework.test.context.transaction.TransactionalTestExecutionListener, org.springframework.test.context.jdbc.SqlScriptsTestExecutionListener, org.springframework.test.context.event.EventPublishingTestExecutionListener]
2021-05-10 14:23:05.908  INFO 19444 --- [    Test worker] .b.t.c.SpringBootTestContextBootstrapper : Using TestExecutionListeners: [org.springframework.test.context.web.ServletTestExecutionListener@302f690e, org.springframework.test.context.support.DirtiesContextBeforeModesTestExecutionListener@7c9e00a6, org.springframework.boot.test.mock.mockito.MockitoTestExecutionListener@49edf33b, org.springframework.boot.test.autoconfigure.SpringBootDependencyInjectionTestExecutionListener@ae4aaf1, org.springframework.test.context.support.DirtiesContextTestExecutionListener@4148d5ba, org.springframework.test.context.transaction.TransactionalTestExecutionListener@4d5f6605, org.springframework.test.context.jdbc.SqlScriptsTestExecutionListener@6b8d30be, org.springframework.test.context.event.EventPublishingTestExecutionListener@4411bc1c, org.springframework.boot.test.autoconfigure.restdocs.RestDocsTestExecutionListener@43734421, org.springframework.boot.test.autoconfigure.web.client.MockRestServiceServerResetTestExecutionListener@75aa6d04, org.springframework.boot.test.autoconfigure.web.servlet.MockMvcPrintOnlyOnFailureTestExecutionListener@7720bbcf, org.springframework.boot.test.autoconfigure.web.servlet.WebDriverTestExecutionListener@3e98186b, org.springframework.boot.test.mock.mockito.ResetMocksTestExecutionListener@671301d5]
2021-05-10 14:23:05.917 DEBUG 19444 --- [o-auto-1-exec-3] c.m.c.controller.EmployeeController      : Received employee create request for [{ employeeId ='null', firstName ='John', lastName ='Doe', position ='Developer', department ='Engineering', directReports ='[]'}]
2021-05-10 14:23:05.917 DEBUG 19444 --- [o-auto-1-exec-3] c.m.c.service.impl.EmployeeServiceImpl   : Creating employee [{ employeeId ='null', firstName ='John', lastName ='Doe', position ='Developer', department ='Engineering', directReports ='[]'}]
2021-05-10 14:23:05.924 DEBUG 19444 --- [o-auto-1-exec-4] c.m.c.controller.EmployeeController      : Received employee create request for id [50a92284-0d75-4395-a17a-c1ce478ca466]
2021-05-10 14:23:05.924 DEBUG 19444 --- [o-auto-1-exec-4] c.m.c.service.impl.EmployeeServiceImpl   : Creating employee with id [50a92284-0d75-4395-a17a-c1ce478ca466]
2021-05-10 14:23:05.931 DEBUG 19444 --- [o-auto-1-exec-5] c.m.c.controller.EmployeeController      : Received employee create request for id [50a92284-0d75-4395-a17a-c1ce478ca466] and employee [{ employeeId ='50a92284-0d75-4395-a17a-c1ce478ca466', firstName ='John', lastName ='Doe', position ='Development Manager', department ='Engineering', directReports ='[]'}]
2021-05-10 14:23:05.932 DEBUG 19444 --- [o-auto-1-exec-5] c.m.c.service.impl.EmployeeServiceImpl   : Updating employee [{ employeeId ='50a92284-0d75-4395-a17a-c1ce478ca466', firstName ='John', lastName ='Doe', position ='Development Manager', department ='Engineering', directReports ='[]'}]
]]></system-out>
  <system-err><![CDATA[]]></system-err>
</testsuite>
