<?xml version="1.0" encoding="UTF-8"?>
<testsuite name="com.mindex.challenge.service.impl.ReportingStructureServiceImplTest" tests="1" skipped="0" failures="0" errors="0" timestamp="2021-05-10T18:23:05" hostname="DESKTOP-PVP4QPG" time="0.039">
  <properties/>
  <testcase name="testCreateReadUpdate" classname="com.mindex.challenge.service.impl.ReportingStructureServiceImplTest" time="0.039"/>
  <system-out><![CDATA[2021-05-10 14:23:05.946  INFO 19444 --- [    Test worker] .b.t.c.SpringBootTestContextBootstrapper : Neither @ContextConfiguration nor @ContextHierarchy found for test class [com.mindex.challenge.service.impl.ReportingStructureServiceImplTest], using SpringBootContextLoader
2021-05-10 14:23:05.948  INFO 19444 --- [    Test worker] o.s.t.c.support.AbstractContextLoader    : Could not detect default resource locations for test class [com.mindex.challenge.service.impl.ReportingStructureServiceImplTest]: no resource found for suffixes {-context.xml, Context.groovy}.
2021-05-10 14:23:05.948  INFO 19444 --- [    Test worker] t.c.s.AnnotationConfigContextLoaderUtils : Could not detect default configuration classes for test class [com.mindex.challenge.service.impl.ReportingStructureServiceImplTest]: ReportingStructureServiceImplTest does not declare any static, non-private, non-final, nested classes annotated with @Configuration.
2021-05-10 14:23:05.949  INFO 19444 --- [    Test worker] .b.t.c.SpringBootTestContextBootstrapper : Found @SpringBootConfiguration com.mindex.challenge.ChallengeApplication for test class com.mindex.challenge.service.impl.ReportingStructureServiceImplTest
2021-05-10 14:23:05.951  INFO 19444 --- [    Test worker] .b.t.c.SpringBootTestContextBootstrapper : Loaded default TestExecutionListener class names from location [META-INF/spring.factories]: [org.springframework.boot.test.autoconfigure.restdocs.RestDocsTestExecutionListener, org.springframework.boot.test.autoconfigure.web.client.MockRestServiceServerResetTestExecutionListener, org.springframework.boot.test.autoconfigure.web.servlet.MockMvcPrintOnlyOnFailureTestExecutionListener, org.springframework.boot.test.autoconfigure.web.servlet.WebDriverTestExecutionListener, org.springframework.boot.test.mock.mockito.MockitoTestExecutionListener, org.springframework.boot.test.mock.mockito.ResetMocksTestExecutionListener, org.springframework.test.context.web.ServletTestExecutionListener, org.springframework.test.context.support.DirtiesContextBeforeModesTestExecutionListener, org.springframework.test.context.support.DependencyInjectionTestExecutionListener, org.springframework.test.context.support.DirtiesContextTestExecutionListener, org.springframework.test.context.transaction.TransactionalTestExecutionListener, org.springframework.test.context.jdbc.SqlScriptsTestExecutionListener, org.springframework.test.context.event.EventPublishingTestExecutionListener]
2021-05-10 14:23:05.951  INFO 19444 --- [    Test worker] .b.t.c.SpringBootTestContextBootstrapper : Using TestExecutionListeners: [org.springframework.test.context.web.ServletTestExecutionListener@716bcbfd, org.springframework.test.context.support.DirtiesContextBeforeModesTestExecutionListener@43668113, org.springframework.boot.test.mock.mockito.MockitoTestExecutionListener@51c49ca1, org.springframework.boot.test.autoconfigure.SpringBootDependencyInjectionTestExecutionListener@6122d92a, org.springframework.test.context.support.DirtiesContextTestExecutionListener@4e39d2d0, org.springframework.test.context.transaction.TransactionalTestExecutionListener@39a0bc1d, org.springframework.test.context.jdbc.SqlScriptsTestExecutionListener@4c740e1c, org.springframework.test.context.event.EventPublishingTestExecutionListener@3b687531, org.springframework.boot.test.autoconfigure.restdocs.RestDocsTestExecutionListener@3bc78fde, org.springframework.boot.test.autoconfigure.web.client.MockRestServiceServerResetTestExecutionListener@7bb9cef, org.springframework.boot.test.autoconfigure.web.servlet.MockMvcPrintOnlyOnFailureTestExecutionListener@6bd376ea, org.springframework.boot.test.autoconfigure.web.servlet.WebDriverTestExecutionListener@136a475c, org.springframework.boot.test.mock.mockito.ResetMocksTestExecutionListener@14d48390]
2021-05-10 14:23:05.968 DEBUG 19444 --- [o-auto-1-exec-6] c.m.c.c.ReportingStructureController     : Received reportingStructure read request for employeeId [16a596ae-edd3-4847-99fe-c4518e82c86f]
2021-05-10 14:23:05.969 DEBUG 19444 --- [o-auto-1-exec-6] c.m.c.s.i.ReportingStructureServiceImpl  : Reading reportingStructure with employeeId: [16a596ae-edd3-4847-99fe-c4518e82c86f]
2021-05-10 14:23:05.969 DEBUG 19444 --- [o-auto-1-exec-6] c.m.c.service.impl.EmployeeServiceImpl   : Creating employee with id [16a596ae-edd3-4847-99fe-c4518e82c86f]
2021-05-10 14:23:05.971 DEBUG 19444 --- [o-auto-1-exec-6] c.m.c.service.impl.EmployeeServiceImpl   : Creating employee with id [16a596ae-edd3-4847-99fe-c4518e82c86f]
2021-05-10 14:23:05.974 DEBUG 19444 --- [o-auto-1-exec-6] c.m.c.service.impl.EmployeeServiceImpl   : Creating employee with id [b7839309-3348-463b-a7e3-5de1c168beb3]
2021-05-10 14:23:05.976 DEBUG 19444 --- [o-auto-1-exec-6] c.m.c.service.impl.EmployeeServiceImpl   : Creating employee with id [03aa1462-ffa9-4978-901b-7c001562cf6f]
2021-05-10 14:23:05.979 DEBUG 19444 --- [o-auto-1-exec-6] c.m.c.service.impl.EmployeeServiceImpl   : Creating employee with id [62c1084e-6e34-4630-93fd-9153afb65309]
2021-05-10 14:23:05.981 DEBUG 19444 --- [o-auto-1-exec-6] c.m.c.service.impl.EmployeeServiceImpl   : Creating employee with id [c0c2293d-16bd-4603-8e08-638a9d18b22c]
]]></system-out>
  <system-err><![CDATA[]]></system-err>
</testsuite>
