<?xml version="1.0" encoding="UTF-8"?>
<testsuite name="com.mindex.challenge.service.impl.CompensationServiceImplTest" tests="1" skipped="0" failures="0" errors="0" timestamp="2021-05-10T18:23:05" hostname="DESKTOP-PVP4QPG" time="0.261">
  <properties/>
  <testcase name="testCreateReadUpdate" classname="com.mindex.challenge.service.impl.CompensationServiceImplTest" time="0.261"/>
  <system-out><![CDATA[2021-05-10 14:23:04.140  INFO 19444 --- [    Test worker] .b.t.c.SpringBootTestContextBootstrapper : Neither @ContextConfiguration nor @ContextHierarchy found for test class [com.mindex.challenge.service.impl.CompensationServiceImplTest], using SpringBootContextLoader
2021-05-10 14:23:04.141  INFO 19444 --- [    Test worker] o.s.t.c.support.AbstractContextLoader    : Could not detect default resource locations for test class [com.mindex.challenge.service.impl.CompensationServiceImplTest]: no resource found for suffixes {-context.xml, Context.groovy}.
2021-05-10 14:23:04.141  INFO 19444 --- [    Test worker] t.c.s.AnnotationConfigContextLoaderUtils : Could not detect default configuration classes for test class [com.mindex.challenge.service.impl.CompensationServiceImplTest]: CompensationServiceImplTest does not declare any static, non-private, non-final, nested classes annotated with @Configuration.
2021-05-10 14:23:04.156  INFO 19444 --- [    Test worker] .b.t.c.SpringBootTestContextBootstrapper : Found @SpringBootConfiguration com.mindex.challenge.ChallengeApplication for test class com.mindex.challenge.service.impl.CompensationServiceImplTest
2021-05-10 14:23:04.157  INFO 19444 --- [    Test worker] .b.t.c.SpringBootTestContextBootstrapper : Loaded default TestExecutionListener class names from location [META-INF/spring.factories]: [org.springframework.boot.test.autoconfigure.restdocs.RestDocsTestExecutionListener, org.springframework.boot.test.autoconfigure.web.client.MockRestServiceServerResetTestExecutionListener, org.springframework.boot.test.autoconfigure.web.servlet.MockMvcPrintOnlyOnFailureTestExecutionListener, org.springframework.boot.test.autoconfigure.web.servlet.WebDriverTestExecutionListener, org.springframework.boot.test.mock.mockito.MockitoTestExecutionListener, org.springframework.boot.test.mock.mockito.ResetMocksTestExecutionListener, org.springframework.test.context.web.ServletTestExecutionListener, org.springframework.test.context.support.DirtiesContextBeforeModesTestExecutionListener, org.springframework.test.context.support.DependencyInjectionTestExecutionListener, org.springframework.test.context.support.DirtiesContextTestExecutionListener, org.springframework.test.context.transaction.TransactionalTestExecutionListener, org.springframework.test.context.jdbc.SqlScriptsTestExecutionListener, org.springframework.test.context.event.EventPublishingTestExecutionListener]
2021-05-10 14:23:04.158  INFO 19444 --- [    Test worker] .b.t.c.SpringBootTestContextBootstrapper : Using TestExecutionListeners: [org.springframework.test.context.web.ServletTestExecutionListener@4baa57a2, org.springframework.test.context.support.DirtiesContextBeforeModesTestExecutionListener@72555384, org.springframework.boot.test.mock.mockito.MockitoTestExecutionListener@26a070d4, org.springframework.boot.test.autoconfigure.SpringBootDependencyInjectionTestExecutionListener@4ca9463b, org.springframework.test.context.support.DirtiesContextTestExecutionListener@55270f4b, org.springframework.test.context.transaction.TransactionalTestExecutionListener@db6bf18, org.springframework.test.context.jdbc.SqlScriptsTestExecutionListener@28b548aa, org.springframework.test.context.event.EventPublishingTestExecutionListener@2eab4b19, org.springframework.boot.test.autoconfigure.restdocs.RestDocsTestExecutionListener@439b54d0, org.springframework.boot.test.autoconfigure.web.client.MockRestServiceServerResetTestExecutionListener@7b6d7dc4, org.springframework.boot.test.autoconfigure.web.servlet.MockMvcPrintOnlyOnFailureTestExecutionListener@791f9a1b, org.springframework.boot.test.autoconfigure.web.servlet.WebDriverTestExecutionListener@d18f5a2, org.springframework.boot.test.mock.mockito.ResetMocksTestExecutionListener@143c1d05]

  .   ____          _            __ _ _
 /\\ / ___'_ __ _ _(_)_ __  __ _ \ \ \ \
( ( )\___ | '_ | '_| | '_ \/ _` | \ \ \ \
 \\/  ___)| |_)| | | | | || (_| |  ) ) ) )
  '  |____| .__|_| |_|_| |_\__, | / / / /
 =========|_|==============|___/=/_/_/_/
 :: Spring Boot ::        (v2.2.0.RELEASE)

2021-05-10 14:23:04.190  INFO 19444 --- [    Test worker] c.m.c.s.i.CompensationServiceImplTest    : Starting CompensationServiceImplTest on DESKTOP-PVP4QPG with PID 19444 (started by sbern in C:\Users\sbern\IdeaProjects\mindex-java-code-challenge\mindex-java-code-challenge)
2021-05-10 14:23:04.191 DEBUG 19444 --- [    Test worker] c.m.c.s.i.CompensationServiceImplTest    : Running with Spring Boot v2.2.0.RELEASE, Spring v5.2.0.RELEASE
2021-05-10 14:23:04.191  INFO 19444 --- [    Test worker] c.m.c.s.i.CompensationServiceImplTest    : No active profile set, falling back to default profiles: default
2021-05-10 14:23:04.333  INFO 19444 --- [    Test worker] .s.d.r.c.RepositoryConfigurationDelegate : Bootstrapping Spring Data repositories in DEFAULT mode.
2021-05-10 14:23:04.341  INFO 19444 --- [    Test worker] .s.d.r.c.RepositoryConfigurationDelegate : Finished Spring Data repository scanning in 8ms. Found 2 repository interfaces.
2021-05-10 14:23:04.619  INFO 19444 --- [    Test worker] o.s.b.w.embedded.tomcat.TomcatWebServer  : Tomcat initialized with port(s): 0 (http)
2021-05-10 14:23:04.634  INFO 19444 --- [    Test worker] o.apache.catalina.core.StandardService   : Starting service [Tomcat]
2021-05-10 14:23:04.634  INFO 19444 --- [    Test worker] org.apache.catalina.core.StandardEngine  : Starting Servlet engine: [Apache Tomcat/9.0.27]
2021-05-10 14:23:04.760  INFO 19444 --- [    Test worker] o.a.c.c.C.[Tomcat].[localhost].[/]       : Initializing Spring embedded WebApplicationContext
2021-05-10 14:23:04.761  INFO 19444 --- [    Test worker] o.s.web.context.ContextLoader            : Root WebApplicationContext: initialization completed in 567 ms
2021-05-10 14:23:05.205  INFO 19444 --- [    Test worker] de.bwaldvogel.mongo.MongoServer          : started MongoServer(port: 64583, ssl: false)
2021-05-10 14:23:05.207  INFO 19444 --- [    Test worker] org.mongodb.driver.cluster               : Cluster created with settings {hosts=[127.0.0.1:64583], mode=SINGLE, requiredClusterType=UNKNOWN, serverSelectionTimeout='30000 ms', maxWaitQueueSize=500}
2021-05-10 14:23:05.211  INFO 19444 --- [-server-worker1] d.b.mongo.wire.MongoWireProtocolHandler  : client [id: 0x7f7033b8, L:/127.0.0.1:64583 - R:/127.0.0.1:64584] connected
2021-05-10 14:23:05.217  WARN 19444 --- [    Test worker] o.s.data.convert.CustomConversions       : Registering converter from class java.time.LocalDateTime to class java.time.Instant as reading converter although it doesn't convert from a store-supported type! You might wanna check you annotation setup at the converter implementation.
2021-05-10 14:23:05.217  WARN 19444 --- [    Test worker] o.s.data.convert.CustomConversions       : Registering converter from class java.time.Instant to class java.time.LocalDateTime as reading converter although it doesn't convert from a store-supported type! You might wanna check you annotation setup at the converter implementation.
2021-05-10 14:23:05.218  WARN 19444 --- [    Test worker] o.s.data.convert.CustomConversions       : Registering converter from class java.time.LocalDateTime to class java.time.Instant as reading converter although it doesn't convert from a store-supported type! You might wanna check you annotation setup at the converter implementation.
2021-05-10 14:23:05.218  WARN 19444 --- [    Test worker] o.s.data.convert.CustomConversions       : Registering converter from class java.time.Instant to class java.time.LocalDateTime as reading converter although it doesn't convert from a store-supported type! You might wanna check you annotation setup at the converter implementation.
2021-05-10 14:23:05.221  INFO 19444 --- [127.0.0.1:64583] org.mongodb.driver.connection            : Opened connection [connectionId{localValue:3}] to 127.0.0.1:64583
2021-05-10 14:23:05.222  INFO 19444 --- [127.0.0.1:64583] org.mongodb.driver.cluster               : Monitor thread successfully connected to server with description ServerDescription{address=127.0.0.1:64583, type=STANDALONE, state=CONNECTED, ok=true, version=ServerVersion{versionList=[3, 0, 0]}, minWireVersion=0, maxWireVersion=2, maxDocumentSize=16777216, logicalSessionTimeoutMinutes=null, roundTripTimeNanos=902500}
2021-05-10 14:23:05.277  INFO 19444 --- [-server-worker2] d.b.mongo.wire.MongoWireProtocolHandler  : client [id: 0x64c8d43c, L:/127.0.0.1:64583 - R:/127.0.0.1:64585] connected
2021-05-10 14:23:05.287  INFO 19444 --- [    Test worker] org.mongodb.driver.connection            : Opened connection [connectionId{localValue:4}] to 127.0.0.1:64583
2021-05-10 14:23:05.288  INFO 19444 --- [-server-worker2] d.b.mongo.backend.AbstractMongoBackend   : created database test
2021-05-10 14:23:05.288  INFO 19444 --- [-server-worker2] d.b.mongo.backend.AbstractMongoDatabase  : adding unique _id index for collection employee
2021-05-10 14:23:05.288  INFO 19444 --- [-server-worker2] d.b.mongo.backend.AbstractMongoDatabase  : created collection test.employee
2021-05-10 14:23:05.424  INFO 19444 --- [    Test worker] o.s.s.concurrent.ThreadPoolTaskExecutor  : Initializing ExecutorService 'applicationTaskExecutor'
2021-05-10 14:23:05.544  WARN 19444 --- [    Test worker] o.s.data.convert.CustomConversions       : Registering converter from class java.time.LocalDateTime to class java.time.Instant as reading converter although it doesn't convert from a store-supported type! You might wanna check you annotation setup at the converter implementation.
2021-05-10 14:23:05.544  WARN 19444 --- [    Test worker] o.s.data.convert.CustomConversions       : Registering converter from class java.time.Instant to class java.time.LocalDateTime as reading converter although it doesn't convert from a store-supported type! You might wanna check you annotation setup at the converter implementation.
2021-05-10 14:23:05.562  WARN 19444 --- [    Test worker] o.s.data.convert.CustomConversions       : Registering converter from class java.time.LocalDateTime to class java.time.Instant as reading converter although it doesn't convert from a store-supported type! You might wanna check you annotation setup at the converter implementation.
2021-05-10 14:23:05.562  WARN 19444 --- [    Test worker] o.s.data.convert.CustomConversions       : Registering converter from class java.time.Instant to class java.time.LocalDateTime as reading converter although it doesn't convert from a store-supported type! You might wanna check you annotation setup at the converter implementation.
2021-05-10 14:23:05.636  INFO 19444 --- [    Test worker] o.s.b.w.embedded.tomcat.TomcatWebServer  : Tomcat started on port(s): 64586 (http) with context path ''
2021-05-10 14:23:05.637  INFO 19444 --- [    Test worker] c.m.c.s.i.CompensationServiceImplTest    : Started CompensationServiceImplTest in 1.477 seconds (JVM running for 8.876)
2021-05-10 14:23:05.782  INFO 19444 --- [o-auto-1-exec-1] o.a.c.c.C.[Tomcat].[localhost].[/]       : Initializing Spring DispatcherServlet 'dispatcherServlet'
2021-05-10 14:23:05.783  INFO 19444 --- [o-auto-1-exec-1] o.s.web.servlet.DispatcherServlet        : Initializing Servlet 'dispatcherServlet'
2021-05-10 14:23:05.803  INFO 19444 --- [o-auto-1-exec-1] o.s.web.servlet.DispatcherServlet        : Completed initialization in 20 ms
2021-05-10 14:23:05.835 DEBUG 19444 --- [o-auto-1-exec-1] c.m.c.controller.CompensationController  : Received compensation create request for [{ employee ='{ employeeId ='16a596ae-edd3-4847-99fe-c4518e82c86f', firstName ='John', lastName ='Lennon', position ='Development Manager', department ='Engineering', directReports ='[{ employeeId ='b7839309-3348-463b-a7e3-5de1c168beb3', firstName ='Paul', lastName ='McCartney', position ='Developer I', department ='Engineering', directReports ='[]'}, { employeeId ='03aa1462-ffa9-4978-901b-7c001562cf6f', firstName ='Ringo', lastName ='Starr', position ='Developer V', department ='Engineering', directReports ='[{ employeeId ='62c1084e-6e34-4630-93fd-9153afb65309', firstName ='Pete', lastName ='Best', position ='Developer II', department ='Engineering', directReports ='[]'}, { employeeId ='c0c2293d-16bd-4603-8e08-638a9d18b22c', firstName ='George', lastName ='Harrison', position ='Developer III', department ='Engineering', directReports ='[]'}]'}]'}', salary ='111,111,111 GPD', effectiveDate ='2020-10-20T00:00:00Z'}]
2021-05-10 14:23:05.835 DEBUG 19444 --- [o-auto-1-exec-1] c.m.c.s.impl.CompensationServiceImpl     : Creating compensation: [{ employee ='{ employeeId ='16a596ae-edd3-4847-99fe-c4518e82c86f', firstName ='John', lastName ='Lennon', position ='Development Manager', department ='Engineering', directReports ='[{ employeeId ='b7839309-3348-463b-a7e3-5de1c168beb3', firstName ='Paul', lastName ='McCartney', position ='Developer I', department ='Engineering', directReports ='[]'}, { employeeId ='03aa1462-ffa9-4978-901b-7c001562cf6f', firstName ='Ringo', lastName ='Starr', position ='Developer V', department ='Engineering', directReports ='[{ employeeId ='62c1084e-6e34-4630-93fd-9153afb65309', firstName ='Pete', lastName ='Best', position ='Developer II', department ='Engineering', directReports ='[]'}, { employeeId ='c0c2293d-16bd-4603-8e08-638a9d18b22c', firstName ='George', lastName ='Harrison', position ='Developer III', department ='Engineering', directReports ='[]'}]'}]'}', salary ='111,111,111 GPD', effectiveDate ='2020-10-20T00:00:00Z'}]
2021-05-10 14:23:05.835 DEBUG 19444 --- [o-auto-1-exec-1] c.m.c.service.impl.EmployeeServiceImpl   : Creating employee with id [16a596ae-edd3-4847-99fe-c4518e82c86f]
2021-05-10 14:23:05.847  INFO 19444 --- [-server-worker2] d.b.mongo.backend.AbstractMongoDatabase  : adding unique _id index for collection compensation
2021-05-10 14:23:05.847  INFO 19444 --- [-server-worker2] d.b.mongo.backend.AbstractMongoDatabase  : created collection test.compensation
2021-05-10 14:23:05.871 DEBUG 19444 --- [o-auto-1-exec-2] c.m.c.controller.CompensationController  : Received compensation read request for employeeId [16a596ae-edd3-4847-99fe-c4518e82c86f]
2021-05-10 14:23:05.871 DEBUG 19444 --- [o-auto-1-exec-2] c.m.c.s.impl.CompensationServiceImpl     : Reading compensation with employeeId: [16a596ae-edd3-4847-99fe-c4518e82c86f]
2021-05-10 14:23:05.871 DEBUG 19444 --- [o-auto-1-exec-2] c.m.c.service.impl.EmployeeServiceImpl   : Creating employee with id [16a596ae-edd3-4847-99fe-c4518e82c86f]
]]></system-out>
  <system-err><![CDATA[]]></system-err>
</testsuite>
