<?xml version="1.0" encoding="UTF-8"?>
<testsuite name="com.mindex.challenge.DataBootstrapTest" tests="1" skipped="0" failures="0" errors="0" timestamp="2021-05-10T18:23:04" hostname="DESKTOP-PVP4QPG" time="0.058">
  <properties/>
  <testcase name="test" classname="com.mindex.challenge.DataBootstrapTest" time="0.058"/>
  <system-out><![CDATA[2021-05-10 14:23:04.067  INFO 19444 --- [    Test worker] .b.t.c.SpringBootTestContextBootstrapper : Neither @ContextConfiguration nor @ContextHierarchy found for test class [com.mindex.challenge.DataBootstrapTest], using SpringBootContextLoader
2021-05-10 14:23:04.068  INFO 19444 --- [    Test worker] o.s.t.c.support.AbstractContextLoader    : Could not detect default resource locations for test class [com.mindex.challenge.DataBootstrapTest]: no resource found for suffixes {-context.xml, Context.groovy}.
2021-05-10 14:23:04.068  INFO 19444 --- [    Test worker] t.c.s.AnnotationConfigContextLoaderUtils : Could not detect default configuration classes for test class [com.mindex.challenge.DataBootstrapTest]: DataBootstrapTest does not declare any static, non-private, non-final, nested classes annotated with @Configuration.
2021-05-10 14:23:04.069  INFO 19444 --- [    Test worker] .b.t.c.SpringBootTestContextBootstrapper : Found @SpringBootConfiguration com.mindex.challenge.ChallengeApplication for test class com.mindex.challenge.DataBootstrapTest
2021-05-10 14:23:04.073  INFO 19444 --- [    Test worker] .b.t.c.SpringBootTestContextBootstrapper : Loaded default TestExecutionListener class names from location [META-INF/spring.factories]: [org.springframework.boot.test.autoconfigure.restdocs.RestDocsTestExecutionListener, org.springframework.boot.test.autoconfigure.web.client.MockRestServiceServerResetTestExecutionListener, org.springframework.boot.test.autoconfigure.web.servlet.MockMvcPrintOnlyOnFailureTestExecutionListener, org.springframework.boot.test.autoconfigure.web.servlet.WebDriverTestExecutionListener, org.springframework.boot.test.mock.mockito.MockitoTestExecutionListener, org.springframework.boot.test.mock.mockito.ResetMocksTestExecutionListener, org.springframework.test.context.web.ServletTestExecutionListener, org.springframework.test.context.support.DirtiesContextBeforeModesTestExecutionListener, org.springframework.test.context.support.DependencyInjectionTestExecutionListener, org.springframework.test.context.support.DirtiesContextTestExecutionListener, org.springframework.test.context.transaction.TransactionalTestExecutionListener, org.springframework.test.context.jdbc.SqlScriptsTestExecutionListener, org.springframework.test.context.event.EventPublishingTestExecutionListener]
2021-05-10 14:23:04.073  INFO 19444 --- [    Test worker] .b.t.c.SpringBootTestContextBootstrapper : Using TestExecutionListeners: [org.springframework.test.context.web.ServletTestExecutionListener@229efd90, org.springframework.test.context.support.DirtiesContextBeforeModesTestExecutionListener@39257eba, org.springframework.boot.test.mock.mockito.MockitoTestExecutionListener@5ed42ee9, org.springframework.boot.test.autoconfigure.SpringBootDependencyInjectionTestExecutionListener@276f430, org.springframework.test.context.support.DirtiesContextTestExecutionListener@57d1eb93, org.springframework.test.context.transaction.TransactionalTestExecutionListener@45139f7d, org.springframework.test.context.jdbc.SqlScriptsTestExecutionListener@3acf5250, org.springframework.test.context.event.EventPublishingTestExecutionListener@f2df64d, org.springframework.boot.test.autoconfigure.restdocs.RestDocsTestExecutionListener@57780948, org.springframework.boot.test.autoconfigure.web.client.MockRestServiceServerResetTestExecutionListener@e498cad, org.springframework.boot.test.autoconfigure.web.servlet.MockMvcPrintOnlyOnFailureTestExecutionListener@4e5402e6, org.springframework.boot.test.autoconfigure.web.servlet.WebDriverTestExecutionListener@2eab0aff, org.springframework.boot.test.mock.mockito.ResetMocksTestExecutionListener@398e742b]
]]></system-out>
  <system-err><![CDATA[]]></system-err>
</testsuite>
